# JRE version: Java(TM) SE Runtime Environment (8.0_101-b13) (build 1.8.0_101-b13)
# Java VM: Java HotSpot(TM) 64-Bit Server VM (25.101-b13 mixed mode windows-amd64 compressed oops)
Heap:
 PSYoungGen      total 459776K, used 230396K [0x00000000d5f00000, 0x0000000100000000, 0x0000000100000000)
  eden space 230400K, 99% used [0x00000000d5f00000,0x00000000e3fff168,0x00000000e4000000)
  from space 229376K, 0% used [0x00000000f2000000,0x00000000f2000000,0x0000000100000000)
  to   space 229376K, 0% used [0x00000000e4000000,0x00000000e4000000,0x00000000f2000000)
 ParOldGen       total 1379328K, used 1378836K [0x0000000081c00000, 0x00000000d5f00000, 0x00000000d5f00000)
  object space 1379328K, 99% used [0x0000000081c00000,0x00000000d5e85280,0x00000000d5f00000)
 Metaspace       used 17609K, capacity 17852K, committed 18048K, reserved 1064960K
  class space    used 1781K, capacity 1851K, committed 1920K, reserved 1048576K
GC Heap History (10 events):
Event: 1739.084 GC heap after
Heap after GC invocations=2371 (full 2355):
 PSYoungGen      total 459776K, used 227776K [0x00000000d5f00000, 0x0000000100000000, 0x0000000100000000)
  eden space 230400K, 98% used [0x00000000d5f00000,0x00000000e3d703e8,0x00000000e4000000)
  from space 229376K, 0% used [0x00000000f2000000,0x00000000f2000000,0x0000000100000000)
  to   space 229376K, 0% used [0x00000000e4000000,0x00000000e4000000,0x00000000f2000000)
 ParOldGen       total 1379328K, used 1378840K [0x0000000081c00000, 0x00000000d5f00000, 0x00000000d5f00000)
  object space 1379328K, 99% used [0x0000000081c00000,0x00000000d5e86160,0x00000000d5f00000)
 Metaspace       used 17602K, capacity 17840K, committed 18048K, reserved 1064960K
  class space    used 1780K, capacity 1849K, committed 1920K, reserved 1048576K
}
Event: 1739.341 GC heap before
{Heap before GC invocations=2372 (full 2356):
 PSYoungGen      total 459776K, used 230399K [0x00000000d5f00000, 0x0000000100000000, 0x0000000100000000)
  eden space 230400K, 99% used [0x00000000d5f00000,0x00000000e3fffdd0,0x00000000e4000000)
  from space 229376K, 0% used [0x00000000f2000000,0x00000000f2000000,0x0000000100000000)
  to   space 229376K, 0% used [0x00000000e4000000,0x00000000e4000000,0x00000000f2000000)
 ParOldGen       total 1379328K, used 1378840K [0x0000000081c00000, 0x00000000d5f00000, 0x00000000d5f00000)
  object space 1379328K, 99% used [0x0000000081c00000,0x00000000d5e86160,0x00000000d5f00000)
 Metaspace       used 17613K, capacity 17858K, committed 18048K, reserved 1064960K
  class space    used 1781K, capacity 1852K, committed 1920K, reserved 1048576K
Event: 1739.863 GC heap after
Heap after GC invocations=2372 (full 2356):
 PSYoungGen      total 459776K, used 227736K [0x00000000d5f00000, 0x0000000100000000, 0x0000000100000000)
  eden space 230400K, 98% used [0x00000000d5f00000,0x00000000e3d66338,0x00000000e4000000)
  from space 229376K, 0% used [0x00000000f2000000,0x00000000f2000000,0x0000000100000000)
  to   space 229376K, 0% used [0x00000000e4000000,0x00000000e4000000,0x00000000f2000000)
 ParOldGen       total 1379328K, used 1378839K [0x0000000081c00000, 0x00000000d5f00000, 0x00000000d5f00000)
  object space 1379328K, 99% used [0x0000000081c00000,0x00000000d5e85de0,0x00000000d5f00000)
 Metaspace       used 17602K, capacity 17840K, committed 18048K, reserved 1064960K
  class space    used 1780K, capacity 1849K, committed 1920K, reserved 1048576K
}
Event: 1740.128 GC heap before
{Heap before GC invocations=2373 (full 2357):
 PSYoungGen      total 459776K, used 230398K [0x00000000d5f00000, 0x0000000100000000, 0x0000000100000000)
  eden space 230400K, 99% used [0x00000000d5f00000,0x00000000e3fff980,0x00000000e4000000)
  from space 229376K, 0% used [0x00000000f2000000,0x00000000f2000000,0x0000000100000000)
  to   space 229376K, 0% used [0x00000000e4000000,0x00000000e4000000,0x00000000f2000000)
 ParOldGen       total 1379328K, used 1378839K [0x0000000081c00000, 0x00000000d5f00000, 0x00000000d5f00000)
  object space 1379328K, 99% used [0x0000000081c00000,0x00000000d5e85de0,0x00000000d5f00000)
 Metaspace       used 17624K, capacity 17876K, committed 18048K, reserved 1064960K
  class space    used 1783K, capacity 1855K, committed 1920K, reserved 1048576K
Event: 1740.642 GC heap after
Heap after GC invocations=2373 (full 2357):
 PSYoungGen      total 459776K, used 227739K [0x00000000d5f00000, 0x0000000100000000, 0x0000000100000000)
  eden space 230400K, 98% used [0x00000000d5f00000,0x00000000e3d66dc0,0x00000000e4000000)
  from space 229376K, 0% used [0x00000000f2000000,0x00000000f2000000,0x0000000100000000)
  to   space 229376K, 0% used [0x00000000e4000000,0x00000000e4000000,0x00000000f2000000)
 ParOldGen       total 1379328K, used 1378838K [0x0000000081c00000, 0x00000000d5f00000, 0x00000000d5f00000)
  object space 1379328K, 99% used [0x0000000081c00000,0x00000000d5e85948,0x00000000d5f00000)
 Metaspace       used 17602K, capacity 17840K, committed 18048K, reserved 1064960K
  class space    used 1780K, capacity 1849K, committed 1920K, reserved 1048576K
}
Event: 1740.878 GC heap before
{Heap before GC invocations=2374 (full 2358):
 PSYoungGen      total 459776K, used 230399K [0x00000000d5f00000, 0x0000000100000000, 0x0000000100000000)
  eden space 230400K, 99% used [0x00000000d5f00000,0x00000000e3fffdf0,0x00000000e4000000)
  from space 229376K, 0% used [0x00000000f2000000,0x00000000f2000000,0x0000000100000000)
  to   space 229376K, 0% used [0x00000000e4000000,0x00000000e4000000,0x00000000f2000000)
 ParOldGen       total 1379328K, used 1378838K [0x0000000081c00000, 0x00000000d5f00000, 0x00000000d5f00000)
  object space 1379328K, 99% used [0x0000000081c00000,0x00000000d5e85948,0x00000000d5f00000)
 Metaspace       used 17613K, capacity 17858K, committed 18048K, reserved 1064960K
  class space    used 1781K, capacity 1852K, committed 1920K, reserved 1048576K
Event: 1741.413 GC heap after
Heap after GC invocations=2374 (full 2358):
 PSYoungGen      total 459776K, used 227774K [0x00000000d5f00000, 0x0000000100000000, 0x0000000100000000)
  eden space 230400K, 98% used [0x00000000d5f00000,0x00000000e3d6fb70,0x00000000e4000000)
  from space 229376K, 0% used [0x00000000f2000000,0x00000000f2000000,0x0000000100000000)
  to   space 229376K, 0% used [0x00000000e4000000,0x00000000e4000000,0x00000000f2000000)
 ParOldGen       total 1379328K, used 1378837K [0x0000000081c00000, 0x00000000d5f00000, 0x00000000d5f00000)
  object space 1379328K, 99% used [0x0000000081c00000,0x00000000d5e85638,0x00000000d5f00000)
 Metaspace       used 17602K, capacity 17840K, committed 18048K, reserved 1064960K
  class space    used 1780K, capacity 1849K, committed 1920K, reserved 1048576K
}
Event: 1741.658 GC heap before
{Heap before GC invocations=2375 (full 2359):
 PSYoungGen      total 459776K, used 230400K [0x00000000d5f00000, 0x0000000100000000, 0x0000000100000000)
  eden space 230400K, 100% used [0x00000000d5f00000,0x00000000e4000000,0x00000000e4000000)
  from space 229376K, 0% used [0x00000000f2000000,0x00000000f2000000,0x0000000100000000)
  to   space 229376K, 0% used [0x00000000e4000000,0x00000000e4000000,0x00000000f2000000)
 ParOldGen       total 1379328K, used 1378837K [0x0000000081c00000, 0x00000000d5f00000, 0x00000000d5f00000)
  object space 1379328K, 99% used [0x0000000081c00000,0x00000000d5e85638,0x00000000d5f00000)
 Metaspace       used 17613K, capacity 17858K, committed 18048K, reserved 1064960K
  class space    used 1781K, capacity 1852K, committed 1920K, reserved 1048576K
Event: 1742.211 GC heap after
Heap after GC invocations=2375 (full 2359):
 PSYoungGen      total 459776K, used 227738K [0x00000000d5f00000, 0x0000000100000000, 0x0000000100000000)
  eden space 230400K, 98% used [0x00000000d5f00000,0x00000000e3d668d0,0x00000000e4000000)
  from space 229376K, 0% used [0x00000000f2000000,0x00000000f2000000,0x0000000100000000)
  to   space 229376K, 0% used [0x00000000e4000000,0x00000000e4000000,0x00000000f2000000)
 ParOldGen       total 1379328K, used 1378836K [0x0000000081c00000, 0x00000000d5f00000, 0x00000000d5f00000)
  object space 1379328K, 99% used [0x0000000081c00000,0x00000000d5e85280,0x00000000d5f00000)
 Metaspace       used 17602K, capacity 17840K, committed 18048K, reserved 1064960K
  class space    used 1780K, capacity 1849K, committed 1920K, reserved 1048576K
}
Event: 1742.465 GC heap before
{Heap before GC invocations=2376 (full 2360):
 PSYoungGen      total 459776K, used 230396K [0x00000000d5f00000, 0x0000000100000000, 0x0000000100000000)
  eden space 230400K, 99% used [0x00000000d5f00000,0x00000000e3fff168,0x00000000e4000000)
  from space 229376K, 0% used [0x00000000f2000000,0x00000000f2000000,0x0000000100000000)
  to   space 229376K, 0% used [0x00000000e4000000,0x00000000e4000000,0x00000000f2000000)
 ParOldGen       total 1379328K, used 1378836K [0x0000000081c00000, 0x00000000d5f00000, 0x00000000d5f00000)
  object space 1379328K, 99% used [0x0000000081c00000,0x00000000d5e85280,0x00000000d5f00000)
 Metaspace       used 17609K, capacity 17852K, committed 18048K, reserved 1064960K
  class space    used 1781K, capacity 1851K, committed 1920K, reserved 1048576K

